# JRE version: Java(TM) SE Runtime Environment (15.0.1+9) (build 15.0.1+9-18)
# Java VM: Java HotSpot(TM) 64-Bit Server VM (15.0.1+9-18, mixed mode, sharing, tiered, compressed oops, g1 gc, windows-amd64)
GC Precious Log:
 CPUs: 4 total, 4 available
 Memory: 4016M
 Large Page Support: Disabled
 NUMA Support: Disabled
 Compressed Oops: Enabled (32-bit)
 Heap Region Size: 1M
 Heap Min Capacity: 8M
 Heap Initial Capacity: 64M
 Heap Max Capacity: 1006M
 Pre-touch: Disabled
 Parallel Workers: 4
 Concurrent Workers: 1
 Concurrent Refinement Workers: 4
 Periodic GC: Disabled
Heap:
 garbage-first heap   total 65536K, used 16458K [0x00000000c1200000, 0x0000000100000000)
  region size 1024K, 14 young (14336K), 2 survivors (2048K)
 Metaspace       used 11522K, capacity 12573K, committed 12800K, reserved 1060864K
  class space    used 1364K, capacity 1520K, committed 1536K, reserved 1048576K
GC Heap History (6 events):
Event: 2.726 GC heap before
{Heap before GC invocations=0 (full 0):
 garbage-first heap   total 65536K, used 12288K [0x00000000c1200000, 0x0000000100000000)
  region size 1024K, 13 young (13312K), 0 survivors (0K)
 Metaspace       used 4329K, capacity 6258K, committed 6272K, reserved 1056768K
  class space    used 429K, capacity 638K, committed 640K, reserved 1048576K
}
Event: 2.773 GC heap after
{Heap after GC invocations=1 (full 0):
 garbage-first heap   total 65536K, used 3818K [0x00000000c1200000, 0x0000000100000000)
  region size 1024K, 2 young (2048K), 2 survivors (2048K)
 Metaspace       used 4329K, capacity 6258K, committed 6272K, reserved 1056768K
  class space    used 429K, capacity 638K, committed 640K, reserved 1048576K
}
Event: 3.617 GC heap before
{Heap before GC invocations=1 (full 0):
 garbage-first heap   total 65536K, used 14058K [0x00000000c1200000, 0x0000000100000000)
  region size 1024K, 12 young (12288K), 2 survivors (2048K)
 Metaspace       used 6244K, capacity 7733K, committed 7808K, reserved 1056768K
  class space    used 699K, capacity 831K, committed 896K, reserved 1048576K
}
Event: 3.624 GC heap after
{Heap after GC invocations=2 (full 0):
 garbage-first heap   total 65536K, used 4370K [0x00000000c1200000, 0x0000000100000000)
  region size 1024K, 1 young (1024K), 1 survivors (1024K)
 Metaspace       used 6244K, capacity 7733K, committed 7808K, reserved 1056768K
  class space    used 699K, capacity 831K, committed 896K, reserved 1048576K
}
Event: 6.483 GC heap before
{Heap before GC invocations=2 (full 0):
 garbage-first heap   total 65536K, used 28946K [0x00000000c1200000, 0x0000000100000000)
  region size 1024K, 25 young (25600K), 1 survivors (1024K)
 Metaspace       used 9418K, capacity 10599K, committed 10752K, reserved 1058816K
  class space    used 1084K, capacity 1229K, committed 1280K, reserved 1048576K
}
Event: 6.489 GC heap after
{Heap after GC invocations=3 (full 0):
 garbage-first heap   total 65536K, used 5194K [0x00000000c1200000, 0x0000000100000000)
  region size 1024K, 2 young (2048K), 2 survivors (2048K)
 Metaspace       used 9418K, capacity 10599K, committed 10752K, reserved 1058816K
  class space    used 1084K, capacity 1229K, committed 1280K, reserved 1048576K
}

